[  0000000] Initializing cgroup subsys cpuset
[    0.000000] Initializing cgroup subsys cpu
[    0.000000] Initializing cgroup subsys cpuacct
[    0.000000] Linux version 4.4.0-141-generic (buildd@lcy01-amd64-006) (gcc version 5.4.0 20160609 (Ubuntu 5.4.0-6ubuntu1~16.04.10) ) #167-Ubuntu SMP Wed Dec 5 10:40:15 UTC 2018 (Ubuntu 4.4-141.167-generic 4.4.162)
[    0.000000] Command line: BOOTIMAGE=/boot/vmlinuz-4.4.0-141-generic root=LABEL=cloudimg-rootfs ro console=tty1 console=ttyS0
[    0.000000] KERNEL supported cpus:
[    0.000000]   Intel GenuineIntel
[    0.000000]   AMD AuthenticAMD
[    0.000000]   Centaur CentaurHauls
[    0.000000] x86/fpu: Supporting XSAVE feature 0x01: 'x87 floating point registers'
[    0.000000] x86/fpu: Supporting XSAVE feature 0x02: 'SSE registers'
[    0.000000] x86/fpu: Enabled xstate features 0x3, context size is 576 bytes, using 'standard' format.
[    0.000000] e820: BIOS-provided physical RAM map:
[    0.000000] BIOS-e820: [mem 0x0000000000000000-0x000000000009fbff] usable
[    0.000000] BIOS-e820: [mem 0x000000000009fc00-0x000000000009ffff] reserved
[    0.000000] BIOS-e820: [mem 0x00000000000f0000-0x00000000000fffff] reserved
[    0.000000] BIOS-e820: [mem 0x0000000000100000-0x000000003ffeffff] usable
[    0.000000] BIOS-e820: [mem 0x000000003fff0000-0x000000003fffffff] ACPI data
[    0.000000] BIOS-e820: [mem 0x00000000fec00000-0x00000000fec00fff] reserved
[    0.000000] BIOS-e820: [mem 0x00000000fee00000-0x00000000fee00fff] reserved
[    0.000000] BIOS-e820: [mem 0x00000000fffc0000-0x00000000ffffffff] reserved
[    0.000000] NX (Execute Disable) protection: active
[    0.000000] SMBIOS 2.5 present.
[    0.000000] Hypervisor detected: KVM
[    0.000000] e820: last_pfn = 0x3fff0 max_arch_pfn = 0x400000000
[    0.000000] MTRR: Disabled
[    0.000000] x86/PAT: MTRRs disabled, skipping PAT initialization too.
[    0.000000] CPU MTRRs alllak - virtualized system.
[    0.000000] x86/PAT: Configuration [0-7]: WB  WT  UC- UC  WB  WT  UC- UC  
[    0.000000] found SMP MP-table at [mem 0x0009fff0-0x0009ffff] mapped at [ffff88000009fff0]
[    0.000000] Scanning 1 areas for low memory corruption
[    0.000000] RAMDISK: [mem 0x3630c000-0x3717dfff]
[    0.000000] ACPI: Early table checksum verification disabled
[    0.000000] ACPI: RSDP 0x00000000000E0000 000024 (v02 VBOX  )
[    0.000000] ACPI: XSDT 0x000000003FFF0030 00003C (v01 VBOX   VBOXXSDT 00000001 ASL  00000061)
[    0.000000] ACPI: FACP 0x000000003FFF00F0 0000F4 (v04 VBOX   VBOXFACP 00000001 ASL  00000061)
[    0.000000] ACPI: DSDT 0x000000003FFF0470 0021FF (v02 VBOX   VBOXBIOS 00000002 INTL 20180105)
[    0.000000] ACPI: FACS 0x000000003FFF0200 000040
[    0.000000] ACPI: FACS 0x000000003FFF0200 000040
[    0.000000] ACPI: APIC 0x000000003FFF0240 00005C (v02 VBOX   VBOXAPIC 00000001 ASL  00000061)
[    0.000000] ACPI: SSDT 0x000000003FFF02A0 0001CC (v01 VBOX   VBOXCPUT 00000002 INTL 20180105)
[    0.000000] No NUMA configuration found
[    0.000000] Faking a node at [mem 0x0000000000000000-0x000000003ffeffff]
[    0.000000] NODE_DATA(0) llocated [mem 0x3ffeb000-0x3ffeffff]
[    0.000000] kvm-clock: Using msrs 4b564d01 and 4b564d
[    0.000000] kvm-clock: cpu 0, msr 0:3ffe3001, primary cpu clock
[    0.000000] kvm-clock: using sched offset of 3548149362 cycles
[    0.000000] clocksource: kvm-clock: mask: 0xffffffffffffffff max_cycles: 0x1cd42e4dffb, max_idle_ns: 881590591483 ns
[    0.000000] Zone ranges:
    0.000000]   DMA      [mem 0x0000000000001000-0x0000000000ffffff]
[    0.000000]   DMA32    [mem 0x0000000001000000-0x000000003ffeffff]
[    0.000000]   Normal   empty
[    0.000000]   Device   empty
[    0.000000] Movable zone start for each node
[    0.000000] Early memory node ranges
[    0.000000]   node   0: [mem 0x0000000000001000-0x000000000009efff]
[    0.000000]   node   0: [mem 0x0000000000100000-0x000000003ffeffff]
[    0.000000] Initmem setup node 0 [mem 0x0000000000001000-0x000000003ffeffff]
[    0.000000] ACPI: PM-Timer IO Port: 0x4008
[    0.000000] IOAPIC[0]: apic_id 2, version 32, address 0xfec00000, GSI 0-23
[    0.000000] ACPI: INT_SRC_OVR (bus 0 bus_irq 0 global_irq 2 dfl dfl)
[    0.000000] ACPI: INT_SRC_OVR (bus 0 bus_irq 9 global_irq 9 low level)
[    0.000000] Using ACPI (MADT) for SMP configuration information
[    0.000000] smpboot: Allowing 2 CPUs, 0 hotplug CPUs
[    0.000000] PM: Registered nosave memory: [mem 0x00000000-0x00000fff]
[    0.000000] PM: Registered nosave memory: [mem 0x0009f000-0x0009ffff]
[    0.000000] PM: Registered nosave memory: [mem 0x000a0000-0x000effff]
[    0.000000] PM: Registered nosave memory: [mem 0x000f0000-0x000fffff]
[    0.000000] e820: [mem 0x40000000-0xfebfffff] available for PCI devices
[    0.000000] Booting paravirtualized kernel on KVM
[    0.000000] clocksource: refined-jiffies: mask: 0xffffffff max_cycles: 0xffffffff, max_idle_ns: 7645519600211568 ns
[    0.000000] setup_percpu: NR_CPUS:512 nr_cpumask_bits:512 nr_cpu_ids:2 nr_node_ids:1
[    0.000000] PERCPU: Embedded 34 pages/cpu @ffff88003fc00000 s99608 r8192 d31464 u1048576
[    0.000000] PV qspinlock hash table entries: 256 (order: 0, 4096 byes)
[    0.000000] Built 1 zonelists in Node order, mobility goung on.  Total pages: 257912
[    0.000000] Policy zone: DMA32
[    0.000000] Kernel command line: BOOT_IMAGE=/boot/vmlinuz-4.4.0-141-generic root=LABEL=cloudimg-rootfs ro console=tty1 console=ttyS0
[    0.000000] PID hash table entries: 4096 (order: 3, 32768 bytes)
[    0.000000] Memory: 997712K/1048120K available (8568K kernel code, 1314K rwdata, 4008K rodata, 1528K init, 1316K bss, 50408K reserved, 0K cma-reserved)
[    0.000000] SLUB: HWalign=64, Order=0-3, MinObjects=0, CPUs=2, Nodes=1
[    0.000000] Kernel/User page tables isolation: enabled
[    0.000000] Hierarchical RCU implementation.
[    0.000000] 	Build-time adjustment of leaf fanout to 64.
[    0.000000] 	RCU restricting CPUs from NR_CPUS=512 to nr_cpu_ids=2.
[    0.000000] RCU: Adjusting geometry for rcu_fanout_leaf=64, nr_cpu_ids=2
[    0.000000] NR_IRQS:33024 nr_irqs:440 16
[    0.000000] Console: colour VGA+ 80x25
[    0.000000] console [tty1] enabled
[    0.000000] console [ttyS0] enabled
[    0.000000] tsc: Detected 3504.000 MHz processor
[    0.450022] Calibrating delay loop (skipped) preset value.. 7008.00 BogoMIPS (lpj=14016000)
[    0.451394] pid_max: default: 32768 minimum: 301
[    0.452130] ACPI: Core revision 20150930
[    0.453561] ACPI: 2 ACPI AML tables successfully acquired and loaded
[    0.454637] Security Framework initialized
[    0.455310] Yama: becoming mindful.
[  0.456011] AppArmor: AppArmor initialized
[    0.521237] Dentry cache hash table entries: 131072 (order: 8, 1048576 bytes)
[    0.523580] Inode-cache hash table entries: 65536 (order: 7, 524288 bytes)
[    0.526690] Mount-cache hash table entries: 2048 (order: 2, 16384 bytes)
[    0.540754] Mountpoint-cache hash table entries: 2048 (order: 2, 16384 bytes)
[    0.556140] Initializing cgroup subsys io
[    0.562763] Initializing cgroup subsys memory
[    0.563558] Initializing cgroup subsys devices
[    0.564384] Initializing cgroup subsys freezer
[    0.565208] Initializing cgroup subsys net_cls
[    0.565992] Initializing cgroup subsys perf_event
[    0.566776] Initializing cgroup subsys net_prio
[    0.578691] Initializing cgroup subsys hugetlb
[    0.581903] Initializing cgroup subsys pids
[    0.583532] mce: CPU supports 0 MCE banks
[    0.584367] Last level iTLB entries: 4KB 64, 2MB 8, 4MB 8
[    0.614865] Last level dTLB entries: 4KB 64, 2MB 0, 4MB 0, 1GB 4
[    0.615687] Spectre V2 : Mitigation: Full generic retpoline
[    0.616450] Spectre V2 : Spectre v2 mitigation: Speculation control IBPB not-supported IBRS not-supported
[    0.618646] Spectre V2 : Spectre v2 / SpectreRSB mitigation: Filling RSB on context switch
[    0.620045] Speculative Store Bypass: Vulnerable
[    0.622757] Freeing SMP alternatives memory: 32K
[    0.630177] ftrace: allocating 32291 entries in 127 pages
[    0.689901] smpboot: APIC(0) Converting physical 0 to logical package 0
[    0.728315] smpboot: Max logical packages: 1
[    0.730816] x2apic enabled
[    0.731854] Switched APIC routing to physical x2apic.
[    0.738947] ..TIMER: vector=0x30 apic1=0 pin1=2 apic2=-1 pin2=-1
[    0.849065] smpboot: CPU0: Intel(R) Pentium(R) CPU G4560 @ 3.50GHz (family: 0x6, model: 0x9e, stepping: 0x9)
[    0.860028] Performance Events: unsupported p6 CPU model 158 no PMU driver, software events only.
[    0.861570] KVM setup paravirtual spinlock
[    0.870067] x86: Booting SMP configuration:
[    0.893701] .... node  #0, CPUs:      #1
[    0.897992] kvm-clock: cpu 1, msr 0:3ffe3041, secondary cpu clock
[    0.911913] mce: CPU supports 0 MCE banks
[    0.914405] x86: Booted up 1 node, 2 CPUs
[    0.915191] smpboot: Total of 2 processors activated (14016.00 BogoMIPS)
[    0.916526] devtmpfs: initialized
[    0.929021] evm: security.selinux
[    0.962800] evm: security.SMACK64
[    0.975173] evm: security.SMACK64EXEC
[    0.975816] evm: security.SMACK64TRANSMUTE
[    0.976511] evm: security.SMACK64MMAP
[    0.977147] evm: security.ima
[    0.977700] evm: security.capability
[    0.978518] clocksource: jiffies: mask: 0xffffffff max_cycles: 0xffffffff, max_idle_ns: 7645041785100000 ns
[    0.980052] futex hash table entries: 512 (order: 3, 32768 bytes)
[    0.981090] pinctrl core: initialized pinctrl subsystem
[    0.982040] RTC time: 18:43:57, date: 12/28/18
[    0.982952] NET: Registered protocol family 16
[    0.993177] cpuidle: using governor ladder
[    1.005360] cpuidle: using governor menu
[    1.006036] PCCT header not found.
[    1.006689] ACPI: bus type PCI registered
[    1.007376] acpiphp: ACPI Hot Plug PCI Controller Driver version: 0.5
[    1.008591] PCI: Using configuration type 1 for base access
[    1.027060] ACPI: Added _OSI(Module Device)
[    1.029854] ACPI: Added _OSI(Processor Device)
[    1.030594] ACPI: Added _OSI(3.0 _SCP Extensions)
[    1.031356] ACPI: Added _OSI(Processor Aggregator Device)
[    1.038413] ACPI: Executed 1 blocks of module-level executable AML code
[    1.041510] ACPI: Interpreter enabled
[    1.042460] ACPI: (supports S0 S5)
[    1.044285] ACPI: Using IOAPIC for interrupt routing
[    1.046706] PCI: Using host bridge windows from ACPI; if necessary, use "pci=nocrs" and report a bug
[    1.050907] ACPI: PCI Root Bridge [PCI0] (domain 0000 [bus 00-ff])
[    1.051870] acpi PNP0A03:00: _OSC: OS supports [ASPM ClockPM Segments MSI]
[    1.052909] acpi PNP0A03:00: _OSC: not requesting OS control; OS requires [ExtendedConfig ASPM ClockPM MSI]
[    1.066231] acpi PNP0A03:00: fail to add MMCONFIG information, can't access extended PCI configuration space under this bridge.
[    1.086100] PCI host bridge to bus 0000:00
[    1.086721] pci_bus 0000:00: root bus resource [io  0x0000-0x0cf7 window]
[    1.087625] pci_bus 0000:00: root bus resource [io  0x0d00-0xffff window]
[    1.088501] pci_bus 0000:00: root bus resource [mem 0x000a0000-0x000bffff window]
[    1.089619] pci_bus 0000:00: root bus resource [mem 0x40000000-0xfdffffff window]
[    1.090756] pci_bus 0000:00: root bus resource [bus 00-ff]
[    1.093276] pci 0000:00:01.1: legacy IDE quirk: reg 0x10: [io  0x01f0-0x01f7]
[    1.095328] pci 0000:00:01.1: legacy IDE quirk: reg 0x14: [io  0x03f6]
[    1.096180] pci 0000:00:01.1: legacy IDE quirk: reg 0x18: [io  0x0170-0x0177]
[    1.097092] pci 0000:00:01.1: legacy IDE quirk: reg 0x1c: [io  0x0376]
[    1.118480] pci 0000:00:07.0: quirk: [io  0x4000-0x403f] claimed by PIIX4 ACPI
[    1.186062] pci 0000:00:07.0: quirk: [io  0x4100-0x410f] claimed by PIIX4 SMB
[    1.214239] ACPI: PCI Interrupt Link [LNKA] (IRQs 5 9 10 *11)
[    1.259544] ACPI: PCI Interrupt Link [LNKB] (IRQs 5 9 *10 11)
[    1.269208] ACPI: PCI Interrupt Link [LNKC] (IRQs 5 *9 10 11)
[    1.277617] ACPI: PCI Interrupt Link [LNKD] (IRQs 5 9 10 *11)
[    1.303939] ACPI: Enabled 2 GPEs in block 00 to 07
[    1.307462] vgaarb: setting as boot device: PCI:0000:00:02.0
[    1.313996] vgaarb: device added: PCI:0000:00:02.0,decodes=io+mem,owns=io+mem,locks=none
[    1.350054] vgaarb: loaded
[    1.350586] vgaarb: bridge control possible 0000:00:02.0
[    1.351647] SCSI subsystem initialized
[    1.352431] ACPI: bus type USB registered
[    1.353120] usbcore: registered new interface driver usbfs
[    1.353979] usbcore: registered new interface driver hub
[    1.354808] usbcore: registered new device driver usb
[    1.356157] PCI: Using ACPI for IRQ routing
[    1.357090] NetLabel: Initializing
[    1.357703] NetLabel:  domain hash size = 128
[    1.359625] NetLabel:  protocols = UNLABELED CIPSOv4
[    1.385732] NetLabel:  unlabeled traffic allowed by default
[    1.386774] amd_nb: Cannot enumerate AMD northbridges
[    1.387624] clocksource: Switched to clocksource kvm-clock
[    1.396647] AppArmor: AppArmor Filesystem Enabled
[   1.400239] pnp: PnP ACPI init
[    1.422317] pnp: PnP ACPI: found 3 devices

[    1.431189] clocksource: acpi_pm: mask: 0xffffff max_cycles: 0xffffff, max_idle_ns: 2085701024 ns
[    1.432694] NET: Registered protocol family 2
[    1.433560] TCP established hash table entries: 8192 (order: 4, 65536 bytes)
[    1.434641] TCP bind hash table entries: 8192 (order: 5, 131072 bytes)
[    1.435640] TCP: Hash tables configured (established 8192 bind 8192)
[    1.436637] UDP hash table entries: 512 (order: 2, 16384 bytes)
[    1.437528] UDP-Lite hash table entries: 512 (order: 2, 16384 bytes)
[    1.438490] NET: Registered protocol family 1
[    1.439211] pci 0000:00:00.0: Limiting direct PCI/PCI transfers
[    1.440128] pci 0000:00:01.0: Activating ISA DMA hang workarounds
[    1.441158] Unpacking initramfs...
[    1.630185] Freeing initrd memory: 14792K
[    1.649969] platform rtc_cmos: registered platform RTC device (no PNP device found)
[    1.651253] Scanning for low memory corruption every 60 seconds
[    1.652486] audit: initializing netlink subsys (disabled)
[    1.680523] audit: type=2000 audit(1546022642.064:1): initialized
[    1.682176] Initialise system trusted keyring
[    1.683299] HugeTLB registered 2 MB page size, pre-allocated 0 pages
[    1.685659] zbud: loaded
[    1.686511] VFS: Disk quotas dquot_6.6.0
[    1.687216] VFS: Dquot-cache hash table entries: 512 (order 0, 4096 bytes)
[    1.688468] squashfs: version 4.0 (2009/01/31) Phillip Lougher
[    1.689647] fuse init (API version 7.23)
[    1.690419] Key type big_key registered
[    1.691101] Allocating IMA MOK and blacklist keyrings.
[    1.692656] Key type asymmetric registered
[    1.693392] Asymmetric key parser 'x509' registered
[    1.694231] Block layer SCSI generic (bsg) driver version 0.4 loaded (major 249)
[    1.695528] io scheduler noop registered
[    1.696225] io scheduler deadline registered (default)
[    1.697078] io scheduler cfq registered
[    1.697822] pci_hotplug: PCI Hot Plug PCI Core version: 0.5
[    1.709817] pciehp: PCI Express Hot Plug Controller Driver version: 0.4
[   117760342] ACPI: AC Adapter [AC] (on-line)
[    1.931788] input: Power Button as /devices/LNXSYSTM:00/LNXPWRBN:00/input/input0
[    1.980298] ACPI: Power Button [PWRF]
[    1.980986] input: Sleep Button as /devices/LNXSYSTM:00/LNXSLPBN:00/input/input1
[    1.982105] ACPI: Sleep Button [SLPF]
[    1.982848] GHES: HEST is not enabled!
[    1.983521] Serial: 8250/16550 driver, 32 ports, IRQ sharing enabled
[    2.005932] 00:02: ttyS0 at I/O 0x3f8 (irq = 4, base_baud = 115200) is a 16550A
[    2.091077] Linux agpgart interface v0.103
[    2.092932] loop: module loaded
[    2.093949] scsi host0: ata_piix
[    2.109696] scsi host1: ata_piix
[    2.110326] ata1: PATA max UDMA/33 cmd 0x1f0 ctl 0x3f6 bmdma 0xd000 irq 14
[    2.130112] ata2: PATA max UDMA/33 cmd 0x170 ctl 0x376 bmdma 0xd008 irq 15
[    2.131426] libphy: Fixed MDIO Bus: probed
[    2.139762] tun: Universal TUN/TAP device driver, 1.6
[    2.140559] tun: (C) 1999-2004 Max Krasnyansky <maxk@qualcomm.com>
[    2.141536] PPP generic driver version 2.4.2
[    2.142346] ehci_hcd: USB 2.0 'Enhanced' Host Controller (EHCI) Driver
[    2.144296] ehci-pci: EHCI PCI platform driver
[    2.145651] ehci-platform: EHCI generic platform driver
[    2.168881] ohci_hcd: USB 1.1 'Open' Host Controller (OHCI) Driver
[    2.169831] ohci-pci: OHCI PCI platform driver
[    2.170567] ohci-platform: OHCI generic platform driver
[    2.171385] uhci_hcd: USB Universal Host Controller Interface driver
[    2.172400] i8042: PNP: PS/2 Controller [PNP0303:PS2K,PNP0f03:PS2M] at 0x60,0x64 irq 1,12
[    2.174169] serio: i8042 KBD port at 0x60,0x64 irq 1
[    2.174962] serio: i8042 AUX port at 0x60,0x64 irq 12
[    2.175851] mousedev: PS/2 mouse device common for all mice
[    2.177071] rtc_cmos rtc_cmos: rtc core: registered rtc_cmos as rtc0
[    2.178239] input: AT Translated Set 2 keyboard as /devices/platform/i8042/serio0/input/input2
[    2.189232] rtc_cmos rtc_cmos: alarms up to one day, 114 bytes nvram
[    2.189247] i2c /dev entries driver
[    2.189302] device-mapper: uevent: version 1.0.3
[    2.220449] device-mapper: ioctl: 4.34.0-ioctl (2015-10-28) initialised: dm-devel@redhat.com
[    2.220476] ledtrig-cpu: registered to indicate activity on CPUs
[    2.220784] NET: Registered protocol family 10
[    2.220928] NET: Registered protocol family 17
[    2.220936] Key type dns_resolver registered
[    2.221121] registered taskstats version 1
[    2.221132] Loading compiled-in X.509 certificates
[    2.221662] Loaded X.509 cert 'Build time autogenerated kernel key: 7c9fb337b82e5a343493fe891c556beae1895c7c'
[    2.221677] zswap: loaded using pool lzo/zbud
[    2.222989] Key type trusted registered
[    2.225069] Key type encrypted registered
[    2.225073] AppArmor: AppArmor sha1 policy hashing enabled
[    2.225075] ima: No TPM chip found, activating TPM-bypass!
[    2.225081] ima: Allocated hash algorithm: sha1
[    2.225090] evm: HMAC attrs: 0x1
[    2.225278]   Magic number: 14:735:747
[    2.236069] rtc_cmos rtc_cmos: setting system clock to 2018-12-28 18:43:58 UTC (1546022638)
[    2.236185] BIOS EDD facility v0.16 2004-Jun-25, 0 devices found
[    2.236186] EDD information not available.
[    2.290060] Freeing unused kernel memory: 1528K
[    2.647704] tsc: Refined TSC clocksource calibration: 3504.101 MHz
[    2.647707] clocksource: tsc: mask: 0xffffffffffffffff max_cycles: 0x32827375eab, max_idle_ns: 440795351234 ns
[    2.861727] Write protecting the kernel read-only data: 14336k
[    2.862889] Freeing unused kernel memory: 1660K
[    2.865106] Freeing unused kernel memory: 88K
Loading, please wait...
starting version 229
[    2.881016] random: systemd-udevd: uninitialized urandom read (16 bytes read, 3 bits of entropy available)
[    2.881663] random: udevadm: uninitialized urandom read (16 bytes read, 3 bits of entropy available)
[    2.881682] random: udevadm: uninitialized urandom read (16 bytes read, 3 bits of entropy available)
[    2.891729] random: udevadm: uninitialized urandom read (16 bytes read, 3 bits of entropy available)
[    2.891763] random: udevadm: uninitialized urandom read (16 bytes read, 3 bits of entropy available)
[    2.891865] random: udevadm: uninitialized urandom read (16 bytes read, 3 bits of entropy available)
[    2.891902] random: udevadm: uninitialized urandom read (16 bytes read, 3 bits of entropy available)
[    2.891939] random: udevadm: uninitialized urandom read (16 bytes read, 3 bits of entropy available)
[    2.891976] random: udevadm: uninitialized urandom read (16 bytes read, 3 bits of entropy available)
[    2.892011] random: udevadm: uninitialized urandom read (16 bytes read, 3 bits of entropy available)
[    2.960491] e1000: Intel(R) PRO/1000 Network Driver - version 7.3.21-k8-NAPI
[    2.962055] e1000: Copyright (c) 1999-2006 Intel Corporation.
[    2.965078] Fusion MPT base driver 3.04.20
[    2.968996] Copyright (c) 1999-2008 LSI Corporation
[    2.991649] Fusion MPT SPI Host driver 3.04.20
[    2.999037] SSE version of gcm_enc/dec engaged.
[    3.208682] input: ImExPS/2 Generic Explorer Mouse as /devices/platform/i8042/serio1/input/input4
[    3.333504] e1000 0000:00:03.0 eth0: (PCI:33MHz:32-bit) 02:f2:ad:b6:19:8d
[    3.391422] e1000 0000:00:03.0 eth0: Intel(R) PRO/1000 Network Connection
[    3.393034] mptbase: ioc0: Initiating bringup
[    3.394221] e1000 0000:00:03.0 enp0s3: renamed from eth0
[    3.459891] ioc0: LSI53C1030 A0: Capabilities={Initiator}
[    4.851103] scsi host2: ioc0: LSI53C1030 A0, FwRev=00000000h, Ports=1, MaxQ=256, IRQ=20
[    5.677941] scsi 2:0:0:0: Direct-Access     VBOX     HARDDISK         1.0  PQ: 0 ANSI: 5
[    5.685579] scsi target2:0:0: Beginning Domain Validation
[    5.693562] scsi target2:0:0: Domain Validation skipping write tests
[    5.697379] scsi target2:0:0: Ending Domain Validation
[    5.700805] scsi target2:0:0: asynchronous
[    5.706617] scsi 2:0:1:0: Direct-Access     VBOX     HARDDISK         1.0  PQ: 0 ANSI: 5
[    5.741443] scsi target2:0:1: Beginning Domain Validation
[    5.743715] scsi target2:0:1: Domain Validation skipping write tests
[    5.749964] scsi target2:0:1: Ending Domain Validation
[    5.750715] scsi target2:0:1: asynchronous
[    5.755051] sd 2:0:0:0: [sda] 20971520 512-byte logical blocks: (10.7 GB/10.0 GiB)
[    5.755106] sd 2:0:0:0: Attached scsi generic sg0 type 0
[    5.755432] sd 2:0:1:0: [sdb] 20480 512-byte logical blocks: (10.5 MB/10.0 MiB)
[    5.755553] sd 2:0:1:0: [sdb] Write Protect is off
[    5.755610] sd 2:0:1:0: [sdb] Incomplete mode parameter data
[    5.755611] sd 2:0:1:0: [sdb] Assuming drive cache: write through
[    5.755948] sd 2:0:1:0: Attached scsi generic sg1 type 0
[    5.780231] sd 2:0:1:0: [sdb] Attached SCSI disk
[    5.811908] sd 2:0:0:0: [sda] Write Protect is off
[    5.812860] sd 2:0:0:0: [sda] Incomplete mode parameter data
[    5.813732] sd 2:0:0:0: [sda] Assuming drive cache: write through
[    5.815669]  sda: sda1
[    5.830106] sd 2:0:0:0: [sda] Attached SCSI disk
Begin: Loading e[    7.166582] md: linear personality registered for level -1
ssential drivers ... [    7.213322] md: multipath personality registered for level -4
[    7.247635] md: raid0 personality registered for level 0
[    7.250998] md: raid1 personality registered for level 1
[    7.319748] raid6: sse2x1   gen() 10513 MB/s
[    7.387934] raid6: sse2x1   xor()  7818 MB/s
[    7.489250] raid6: sse2x2   gen() 15024 MB/s
[    7.559236] raid6: sse2x2   xor() 10409 MB/s
[    7.629230] raid6: sse2x4   gen() 15288 MB/s
[    7.700120] raid6: sse2x4   xor() 11486 MB/s
[    7.707203] raid6: using algorithm sse2x4 gen() 15288 MB/s
[    7.709932] raid6: .... xor() 11486 MB/s, rmw enabled
[    7.710714] raid6: using ssse3x2 recovery algorithm
[    7.713012] xor: measuring software checksum speed
[    7.755671]    prefetch64-sse: 18072.000 MB/sec
[    7.796020]    generic_sse: 16998.000 MB/sec
[    7.821038] xor: using function: prefetch64-sse (18072.000 MB/sec)
[    7.822985] async_tx: api initialized (async)
[    7.831214] md: raid6 personality registered for level 6
[    7.836575] md: raid5 personality registered for level 5
[    7.920178] md: raid4 personality registered for level 4
[    7.937021] md: raid10 personality registered for level 10
done.
Begin: Running /scripts/init-premount ... done.
Begin: Mounting root file[    7.984372] Btrfs loaded
 system ... Begin: Running /scripts/local-top ... done.
Begin: Running /scripts/local-premount ... Scanning for Btrfs filesystems
done.
Warning: fsck not present, so sk[    8.130117] EXT4-fs (sda1): mounted filesystem with ordered data mode. Opts: (null)
ipping root file system
done.
Begin: Running /scripts/local-bottom ... done.
Begin: Running /scripts/init-bottom ... done.
[    8.607473] systemd[1]: systemd 229 running in system mode. (+PAM +AUDIT +SELINUX +IMA +APPARMOR +SMACK +SYSVINIT +UTMP +LIBCRYPTSETUP +GCRYPT +GNUTLS +ACL +XZ -LZ4 +SECCOMP +BLKID +ELFUTILS +KMOD -IDN)
[    8.612888] systemd[1]: Detected virtualization oracle.
[    8.614619] systemd[1]: Detected architecture x86-64.

Welcome to [1mUbuntu 16.04.5 LTS[0m!

[    8.693636] systemd[1]: Set hostname to <WEB>.
[    9.095417] random: nonblocking pool is initialized
[  963282]systemd[]: Listening on udev Kernel Socket.
[[0;32m  OK  [0m] Listening on udev Kernel Socket.
[    9.636043] systemd[1]: Listening on LVM2 metadata daemon socket.
[[0;32m  OK  [0m] Listening on LVM2 metadata daemon socket.
[    9.707580] systemd[1]: Listening on Journal Socket.
[[0;32m  OK  [0m] Listening on Journal Socket.
[    9.789578] systemd[1]: Set up automount Arbitrary Executable File Formats File System Automount Point.
[[0;32m  OK  [0m] Set up automount Arbitrary Executab...ats File System Automount Point.
[    9.801361] systemd[1]: Reached target Encrypted Volumes.
[[0;32m  OK  [0m] Reached target Encrypted Volumes.
[    9.858974] systemd[1]: Reached target Swap.
[[0;32m  OK  [0m] Reached target Swap.
[   10.445575] systemd[1]: Listening on Journal Socket (/dev/log).
[[0;32m  OK  [0m] Listening on Journal Socket (/dev/log).
[   1670339] systemd[1]: Created slice Use and Session Slice.
[[0;32m  OK  [0m] Created slice User and Session Slice.
[   10.743916] systemd[1]: Listening on Journal Audit Socket.
[[0;32m  OK  [0m] Listening on Journal Audit Socket.
[   10.745571] systemd[1]: Listening on LVM2 poll daemon socket.
[[0;32m  OK  [0m] Listening on LVM2 poll daemon socket.
[   10.747254] systemd[1]: Listening on udev Control Socket.
[[0;32m  OK  [0m] Listening on udev Control Socket.
[   10.856809] syte[1]: Listening on Device-mapper event daemon FIFOs.

[[0;32m  OK  [0m] Listening on Device-mapper event daemon FIFOs.
[   .903 ste[1 Ltengn Sslog Socket.

[[0;32m  OK  [0m] Listening on Syslog Socket.
[   11.383728] systemd[1]: Started Forward Password Requests to Wall Directory Watch.
[[0;32m  OK  [0m] Started Forward Password Requests to Wall Directory Watch.
[   11.385881] systemd[1]: Reached target User and Group Name Lookups.
[[0;32m  OK  [0m] Reached target User and Group Name Lookups.
[   11.387860] systemd[1]: Created slice System Slice.
[[0;32m  OK  [0m] Created slice System Slice.
[   11.399836] systemd[1]: Mounting Huge Pages File System...
         Mounting Huge Pages File System...
[   11.460373] systemd[1]: Starting Journal Service...
         Starting Journal Service...
[   11.502799] systemd[1]: Starting Create list of required static device nodes for the current kernel...
         Starting Create list of required st... nodes for the current kernel...
[   11.506511] systemd[1]: Starting Monitoring of LVM2 mirrors, snapshots etc. using dmeventd or progress polling...
         Starting Monitoring of LVM2 mirrors... dmeventd or progress polling...
[   11.517191] systemd[1]: Mounting POSIX Message Queue File System...
         Mounting POSIX Message Queue File System...
[   11.530301] systemd[1]: Listening on /dev/initctl Compatibility Named Pipe.
[[0;32m  OK  [0m] Listening on /dev/initctl Compatibility Named Pipe.
[   11.533004] systemd[1]: Starting Uncomplicated firewall...
         Starting Uncomplicated firewall...
[   11.540797] systemd[1]: Created slice system-serial\x2dgetty.slice.
[[0;32m  OK  [0m] Created slice system-serial\x2dgetty.slice.
[   11.543320] systemd[1]: Starting Remount Root and Kernel File Systems...
         Starting Remount Root and Kernel File Systems...
[   11.545938] systemd[1]: Starting Nameserver information manager...
         Starting Nameserver information manager...
[   11.553181] systemd[1]: Reached target Slices.
[[0;32m  OK  [0m] Reached target Slices.
[   11.560326] systemd[1]: Started Trigger resolvconf update for networkd DNS.
[[0;32m  OK  [0m] Started Trigger resolvconf update for networkd DNS.
[   11.567972] systemd[1]: Starting Load Kernel Modules...
         [   11.577116] EXT4-fs (sda1): re-mounted. Opts: (null)
Starting Load Kernel Modules...
[   11.591909] systemd[1]: Starting Set console keymap...
         Starting Set console keymap...
[   11.637373] systemd[1]: Reached target System Time Synchronized.
[[0;32m  OK  [0m] Reached target System Time Synchronized.
[   11.675809] systemd[1]: Mounting Debug File System...
         Mounting Debug File System...
[   11.696868] systemd[1]: Mounted POSIX Message Queue File System.
[[0;32m  OK  [0m] Mounted POSIX Message Queue File System.
[   11.699254] systemd[1]: Mounted Huge Pages File System.
[[0;32m  OK  [0[   11.715368] Loading iSCSI transport class v2.0-870.
m] Mounted Huge Pages File System.
[   11.786800] systemd[1]: Mounted Debug File System.
[[0;32m  OK  [0m] Mounted Debug File System.
[   11.804280] systemd[1]: Started Journal Service.
[[0;32m  OK  [0m] Started Journal Service.
[[0;32m  OK  [0m] Started Create list of required sta...ce nodes for the current kernel.
[[0;32m  OK  [[   11.852561] iscsi: registered transport (tcp)
0m] Started Uncomplicated firewall.
[[0;32m  OK  [0m] Started Remount Root and Kernel File Systems.
[[0;32m  OK  [0m] Started Set console keymap.
[   11.926819] iscsi: registered transport (iser)
[[0;32m  OK  [0m] Started Nameserver information manager.
[[0;32m  OK  [0m] Started Load Kernel Modules.
[[0;32m  OK  [0m] Started LVM2 metadata daemon.
         Starting Apply Kernel Variables...
         Mounting FUSE Control File System...
         Starting Load/Save Random Seed...
         Starting udev Coldplug all Devices...
         Starting Create Static Device Nodes in /dev...
         Starting Flush Journal to Persistent Storage...
[[0;32m  OK  [0m] Mounted FUSE Control File System.
[[0;32m  OK  [0m] Started Apply Kernel Variables.
[[0;32m  OK  [0m] Started Load/Save Random Seed.
[[0;32m  OK  [0m] Started Flush Journal to Persistent Storage.
[[0;32m  OK  [0m] Started udev Coldplug all Devices.
[[0;32m  OK  [0m] Started Create Static Device Nodes in /dev.
         Starting udev Kernel Device Manager...
[[0;32m  OK  [0m] Started Monitoring of LVM2 mirrors,...ng dmeventd or progress polling.
[[0;32m  OK  [0m] Started udev Kernel Device Manager.
[[0;32m  OK  [0m] Started Dispatch Password Requests to Console Directory Watch.
[[0;32m  OK  [0m] Reached target Local File Systems (Pre).
[[0;32m  OK  [0m] Reached target Local File Systems.
         Starting Initial cloud-init job (pre-networking)...
         Starting Create Volatile Files and Directories...
         Starting Set console font and keymap...
         Starting Tell Plymouth To Write Out Runtime Data...
         Starting LSB: AppArmor initialization...
[[0;32m  OK  [0m] Started Tell Plymouth To Write Out Runtime Data.
[[0;32m  OK  [0m] Found device /dev/ttyS0.
[[0;32m  OK  [0m] Listening on Load/Save RF Kill Switch Status /dev/rfkill Watch.
[[0;32m  OK  [0m] Started Create Volatile Files and Directories.
         Starting Update UTMP about System Boot/Shutdown...
[[0;32m  OK  [0m] Found device 82540EM Gigabit Ethern...r (PRO/1000 MT Desktop Adapter).
[[0;32m  OK  [0m] Started Update UTMP about System Boot/Shutdown.
[[0;32m  OK  [0m] Started Set console font and keymap.
[[0;32m  OK  [0m] Created slice system-getty.slice.
[[0;32m  OK  [0m] Started LSB: AppArmor initialization.
[   14.661521] cloud-init[479]: Cloud-init v. 18.4-0ubuntu1~16.04.2 running 'init-local' at Fri, 28 Dec 2018 18:44:11 +0000. Up 14.17 seconds.
[[0;32m  OK  [0m] Started Initial cloud-init job (pre-networking).
[[0;32m  OK  [0m] Reached target Network (Pre).
         Starting Raise network interfaces...
[[0;32m  OK  [0m] Started ifup for enp0s3.
[[0;32m  OK  [0m] Started Raise network interfaces.
         Starting Initial cloud-init job (metadata service crawler)...
[[0;32m  OK  [0m] Reached target Network.
[   15.723563] cloud-init[962]: Cloud-init v. 18.4-0ubuntu1~16.04.2 running 'init' at Fri, 28 Dec 2018 18:44:12 +0000. Up 15.27 seconds.
[   15.833479] cloud-init[962]: ci-info: ++++++++++++++++++++++++++++++++++++++Net device info++++++++++++++++++++++++++++++++++++++
[   15.835070] cloud-init[962]: ci-info: +--------+------+----------------------------+---------------+--------+-------------------+
[[0;32m  OK  [0m] Started Initial cloud-init job (metadata service crawler).
[   15.835670] cloud-init[962]: ci-info: | Device |  Up  |          Address           |      Mask     | Scope  |     Hw-Address    |
[   15.874669] cloud-init[962]: ci-info: +--------+------+----------------------------+---------------+--------+-------------------+
[   15.881428] cloud-init[962]: ci-info: | enp0s3 | True |         10.0.2.15          | 255.255.255.0 | global | 02:f2:ad:b6:19:8d |
[   15.890793] cloud-init[962]: ci-info: | enp0s3 | True | fe80::f2:adff:feb6:198d/64 |       .       |  link  | 02:f2:ad:b6:19:8d |
[   15.891521] cloud-init[962]: ci-info: |   lo   | True |         127.0.0.1          |   255.0.0.0   |  host  |         .         |
[   15.891854] cloud-init[962]: ci-info: |   lo   | True |          ::1/128           |       .       |  host  |         .         |
[   15.892538] cloud-init[962]: ci-info: +--------+------+----------------------------+---------------+--------+-------------------+
[   15.892899] cloud-init[962]: ci-info: +++++++++++++++++++++++++++Route IPv4 info++++++++++++++++++++++++++++
[   15.893271] cloud-init[962]: ci-info: +-------+-------------+----------+---------------+-----------+-------+
[   15.893614] cloud-init[962]: ci-info: | Route | Destination | Gateway  |    Genmask    | Interface | Flags |
[   15.893959] cloud-init[962]: ci-info: +-------+-------------+----------+---------------+-----------+-------+
[   15.894346] cloud-init[962]: ci-info: |   0   |   0.0.0.0   | 10.0.2.2 |    0.0.0.0    |   enp0s3  |   UG  |
[   15.894678] cloud-init[962]: ci-info: |   1   |   10.0.2.0  | 0.0.0.0  | 255.255.255.0 |   enp0s3  |   U   |
[   15.895016] cloud-init[962]: ci-info: +-------+-------------+----------+---------------+-----------+-------+
[   15.895366] cloud-init[962]: ci-info: +++++++++++++++++++Route IPv6 info+++++++++++++++++++
[   15.895713] cloud-init[962]: ci-info: +-------+-------------+---------+-----------+-------+
[[0;32m  OK  [0m] Reached target System Initialization.
[[   15.896644] cloud-init[962]: ci-info: | Route | Destination | Gateway | Interface | Flags |
[   16.346970] cloud-init[962]: ci-info: +-------+-------------+---------+-----------+-------+
[   16.347857] cloud-init[962]: ci-info: |   0   |  fe80::/64  |    ::   |   enp0s3  |   U   |
[   16.349063] cloud-init[962]: ci-info: |   3   |   ff00::/8  |    ::   |   enp0s3  |   U   |
[   16.349585] cloud-init[962]: ci-info: +-------+-------------+---------+-----------+-------+
[0;32m  OK  [0m] Listening on UUID daemon activation socket.
[[0;32m  OK  [0m] Started Daily Cleanup of Temporary Directories.
         Starting Socket activation for snappy daemon.
[[0;32m  OK  [0m] Listening on ACPID Listen Socket.
[[0;32m  OK  [0m] Started Daily apt download activities.
[[0;32m  OK  [0m] Started ACPI Events Check.
[[0;32m  OK  [0m] Reached target Paths.
[[0;32m  OK  [0m] Started Daily apt upgrade and clean activities.
[[0;32m  OK  [0m] Listening on D-Bus System Message Bus Socket.
[[0;32m  OK  [0m] Reached target Timers.
         Starting LXD - unix socket.
[[0;32m  OK  [0m] Reached target Cloud-config availability.
[[0;32m  OK  [0m] Reached target Network is Online.
         Starting iSCSI initiator daemon (iscsid)...
[[0;32m  OK  [0m] Listening on Socket activation for snappy daemon.
[[0;32m  OK  [0m] Listening on LXD - unix socket.
[[0;32m  OK  [0m] Started iSCSI initiator daemon (iscsid).
         Starting Login to default iSCSI targets...
[[0;32m  OK  [0m] Reached target Sockets.
[[0;32m  OK  [0m] Reached target Basic System.
         Starting LSB: MD monitoring daemon...
         Starting System Logging Service...
[[0;32m  OK  [0m] Started Regular background program processing daemon.
[[0;32m  OK  [0m] Started ACPI event daemon.
[[0;32m  OK  [0m] Started D-Bus System Message Bus.
         Starting Accounts Service...
         Starting Virtualbox guest utils...
[[0;32m  OK  [0m] Started Unattended Upgrades Shutdown.
         Starting Snappy daemon...
[[0;32m  OK  [0m] Started FUSE filesystem for LXC.
         Starting OpenBSD Secure Shell server...
[[0;32m  OK  [0m] Started Deferred execution scheduler.
         Starting Login Service...
         Starting LXD - container startup/shutdown...
         Starting /etc/rc.local Compatibility...
         Starting LSB: Record successful boot for GRUB...
[[0;32m  OK  [0m] Started System Logging Service.
[[0;32m  OK  [0m] Started /etc/rc.local Compatibility.
[[0;32m  OK  [0m] Started Login Service.
[[0;32m  OK  [0m] Started LSB: Record successful boot for GRUB.
[[0;32m  OK  [0m] Started Login to default iSCSI targets.
[[0;32m  OK  [0m] Reached target Remote File Systems (Pre).
[[0;32m  OK  [0m] Reached target Remote File Systems.
         Starting LSB: Set the CPU Frequency Scaling governor to "ondemand"...
         Starting LSB: Apache2 web server...
         Starting Permit User Sessions...
         Starting LSB: daemon to balance interrupts for SMP systems...
         Starting LSB: automatic crash report generation...
[[0;32m  OK  [0m] Started LSB: MD monitoring daemon.
[[0;32m  OK  [0m] Started Permit User Sessions.
[[0;32m  OK  [0m] Started OpenBSD Secure Shell server.
[[0;32m  OK  [0m] Started LSB: Set the CPU Frequency Scaling governor to "ondemand".
         Starting Authenticate and Authorize Users to Run Privileged Tasks...
         Starting Terminate Plymouth Boot Screen...
         Starting Hold until boot process finishes up...
[[0;32m  OK  [0m] Started Terminate Plymouth Boot Screen.
[[0;32m  OK  [0m] Started Hold until boot process finishes up.
         Starting Set console scheme...
[[0;32m  OK  [0m] Started Getty on tty1.
[[0;32m  OK  [0m] Started Serial Getty on ttyS0.
[[0;32m  OK  [0m] Reached target Login Prompts.
[[0;32m  OK  [0m] Started LSB: daemon to balance interrupts for SMP systems.
[[0;32m  OK  [0m] Started LSB: automatic crash report generation.
[[0;32m  OK  [0m] Started Set console scheme.
[[0;32m  OK  [0m] Started Authenticate and Authorize Users to Run Privileged Tasks.
[[0;32m  OK  [0m] Started Accounts Service.
[[0;32m  OK  [0m] Started Virtualbox guest utils.
[[0;32m  OK  [0m] Created slice User Slice of vagrant.
         Starting User Manager for UID 1000...
[[0;32m  OK  [0m] Started Session 1 of user vagrant.
[[0;32m  OK  [0m] Started User Manager for UID 1000.
[[0;32m  OK  [0m] Started Snappy daemon.
[[0;32m  OK  [0m] Started LXD - container startup/shutdown.
         Starting Wait until snapd is fully seeded...
[[0;32m  OK  [0m] Started Wait until snapd is fully seeded.
         Starting Apply the settings specified in cloud-config...
[   19.726104] cloud-init[1243]: Cloud-init v. 18.4-0ubuntu1~16.04.2 running 'modules:config' at Fri, 28 Dec 2018 18:44:16 +0000. Up 19.53 seconds.
[[0;32m  OK  [0m] Started Apply the settings specified in cloud-config.
[[0;32m  OK  [0m] Started LSB: Apache2 web server.
[[0;32m  OK  [0m] Reached target Multi-User System.
         Starting Execute cloud user/final scripts...
[[0;32m  OK  [0m] Reached target Graphical Interface.
         Starting Update UTMP about System Runlevel Changes...
[[0;32m  OK  [0m] Started Update UTMP about System Runlevel Changes.
[   21.129971] cloud-init[1321]: Cloud-init v. 18.4-0ubuntu1~16.04.2 running 'modules:final' at Fri, 28 Dec 2018 18:44:18 +0000. Up 21.01 seconds.
[[0;32m  OK  [0m] Started Execute cloud user/final scripts.
[   21.210109] cloud-init[1321]: Cloud-init v. 18.4-0ubuntu1~16.04.2 finished at Fri, 28 Dec 2018 18:44:18 +0000. Datasource DataSourceNoCloud [seed=/dev/sdb][dsmode=net].  Up 21.12 seconds
[[0;32m  OK  [0m] Reached target Cloud-init target.

Ubuntu 16.04.5 LTS WEB ttyS0

WEB login: [[0;32m  OK  [0m] Stopped target Timers.
[[0;32m  OK  [0m] Stopped Daily apt upgrade and clean activities.
[[0;32m  OK  [0m] Stopped target Cloud-init target.
[[0;32m  OK  [0m] Closed Load/Save RF Kill Switch Status /dev/rfkill Watch.
[[0;32m  OK  [0m] Stopped target Graphical Interface.
         Stopping User Manager for UID 1000...
         Stopping ACPI event daemon..          Stopping LSB: Record successful boot for GRUB...
[[0;32m  OK  [0m] Stopped Daily apt download activities.
[[0;32m  OK  [0m] Stopped Wait until snapd is fully seeded.
[[0;32m  OK  [0m] Stopped target System Time Synchronized.
         Stopping Virtualbox guest utils...
         Stopping Authenticate and Authorize Users to Run Privileged Tasks...
         Stopping Accounts Service...
[[0;32m  OK  [0m] Stopped Daily Cleanup of Temporary Directories.
         Stopping Snappy daemon...
[[0;32m  OK  [0m] Unmounted /var/lib/lxcfs.
[[0;32m  OK  [0m] Stopped System Logging Service.
[[0;32m  OK  [0m] Stopped Regular background program processing daemon.
[[0;32m  OK  [0m] Stopped ACPI event daemon.
[[0;32m  OK  [0m] Stopped Accounts Service.
[[0;32m  OK  [0m] Stopped Snappy daemon.
[[0;32m  OK  [0m] Stopped Deferred execution scheduler.
[[0;32m  OK  [0m] Stopped OpenBSD Secure Shell server.
[[0;32m  OK  [0m] Stopped Authenticate and Authorize Users to Run Privileged Tasks.
[[0;32m  OK  [0m] Stopped Getty on tty1.
[[0;32m  OK  [0m] Stopped Serial Getty on ttyS0.
[[0;32m  OK  [0m] Stopped User Manager for UID 1000.
[[0;32m  OK  [0m] Stopped Session 2 of user vagrant.
[[0;32m  OK  [0m] Stopped D-Bus System Message Bus.
[[0;32m  OK  [0m] Stopped LSB: Set the CPU Frequency Scaling governor to "ondemand".
[[0;32m  OK  [0m] Stopped LSB: daemon to balance interrupts for SMP systems.
[[0;32m  OK  [0m] Stopped LSB: MD monitoring daemon.
[[0;32m  OK  [0m] Stopped LXD - container startup/shutdown.
[[0;32m  OK  [0m] Stopped FUSE filesystem for LXC.
[[0;32m  OK  [0m] Stopped LSB: automatic crash report generation.
[[0;32m  OK  [0m] Stopped LSB: Record successful boot for GRUB.
[[0;32m  OK  [0m] Stopped Virtualbox guest utils.
[[0;32m  OK  [0m] Stopped Unattended Upgrades Shutdown.
[[0;32m  OK  [0m] Removed slice User Slice of vagrant.
         Stopping Login Service...
[[0;32m  OK  [0m] Removed slice system-serial\x2dgetty.slice.
         Stopping Permit User Sessions...
[[0;32m  OK  [0m] Stopped /etc/rc.local Compatibility.
[[0;32m  OK  [0m] Removed slice system-getty.slice.
[[0;32m  OK  [0m] Stopped Permit User Sessions.
[[0;32m  OK  [0m] Stopped Login Service.
[[0;32m  OK  [0m] Stopped target User and Group Name Lookups.
[[0;32m  OK  [0m] Stopped LSB: Apache2 web server.
[[0;32m  OK  [0m] Stopped target Remote File Systems.
[[0;32m  OK  [0m] Stopped target Remote File Systems (Pre).
         Stopping Login to default iSCSI targets...
[[0;32m  OK  [0m] Stopped target Basic System.
[[0;32m  OK  [0m] Stopped target Slices.
[[0;32m  OK  [0m] Removed slice User and Session Slice.
[[0;32m  OK  [0m] Stopped target Paths.
[[0;32m  OK  [0m] Stopped Forward Password Requests to Wall Directory Watch.
[[0;32m  OK  [0m] Stopped Dispatch Password Requests to Console Directory Watch.
[[0;32m  OK  [0m] Stopped ACPI Events Check.
[[0;32m  OK  [0m] Stopped target Sockets.
[[0;32m  OK  [0m] Closed UUID daemon activation socket.
[[0;32m  OK  [0m] Closed LXD - unix socket.
[[0;32m  OK  [0m] Closed D-Bus System Message Bus Socket.
[[0;32m  OK  [0m] Closed ACPID Listen Socket.
[[0;32m  OK  [0m] Closed Syslog Socket.
[[0;32m  OK  [0m] Closed Socket activation for snappy daemon.
[[0;32m  OK  [0m] Stopped target System Initialization.
[[0;32m  OK  [0m] Stopped Create Volatile Files and Directories.
[[0;32m  OK  [0m] Stopped target Encrypted Volumes.
[[0;32m  OK  [0m] Stopped target Swap.
         Stopping Load/Save Random Seed...
[[0;32m  OK  [0m] Stopped Load/Save Random Seed.
[[0;32m  OK  [0m] Stopped Login to default iSCSI targets.
         Stopping iSCSI initiator daemon (iscsid)...
[[0;32m  OK  [0m] Stopped iSCSI initiator daemon (iscsid).
[[0;32m  OK  [0m] Stopped target Network is Online.
[[0;32m  OK  [0m] Stopped Initial cloud-init job (metadata service crawler).
[[0;32m  OK  [0m] Stopped target Network.
         Stopping Raise network interfaces...
[[0;32m  OK  [0m] Stopped Raise network interfaces.
[[0;32m  OK  [0m] Stopped target Local File Systems.
         Unmounting /home/matheus/Documentos/files...
         Unmounting /run/user/1000...
[[0;32m  OK  [0m] Stopped Apply Kernel Variables.
[[0;32m  OK  [0m] Stopped Load Kernel Modules.
[[0;32m  OK  [0m] Stopped target Network (Pre).
[[0;32m  OK  [0m] Stopped Initial cloud-init job (pre-networking).
[[0;32m  OK  [0m] Unmounted /home/matheus/Documentos/files.
[[0;32m  OK  [0m] Unmounted /run/user/1000.
[[0;32m  OK  [0m] Reached target Unmount All Filesystems.
[[0;32m  OK  [0m] Stopped target Local File Systems (Pre).
[[0;32m  OK  [0m] Stopped Create Static Device Nodes in /dev.
         Stopping Monitoring of LVM2 mirrors... dmeventd or progress polling...
[[0;32m  OK  [0m] Stopped Remount Root and Kernel File Systems.
[[0;32m  OK  [0m] Reached target Shutdown.
[  150.962312] reboot: Power down
